#
# There is insufficient memory for the Java Runtime Environment to continue.
# Native memory allocation (malloc) failed to allocate 1710480 bytes for Chunk::new
# Possible reasons:
#   The system is out of physical RAM or swap space
#   The process is running with CompressedOops enabled, and the Java Heap may be blocking the growth of the native heap
# Possible solutions:
#   Reduce memory load on the system
#   Increase physical memory or swap space
#   Check if swap backing store is full
#   Decrease Java heap size (-Xmx/-Xms)
#   Decrease number of Java threads
#   Decrease Java thread stack sizes (-Xss)
#   Set larger code cache with -XX:ReservedCodeCacheSize=
#   JVM is running with Unscaled Compressed Oops mode in which the Java heap is
#     placed in the first 4GB address space. The Java Heap base address is the
#     maximum limit for the native heap growth. Please use -XX:HeapBaseMinAddress
#     to set the Java Heap base and to place the Java Heap above 4GB virtual address.
# This output file may be truncated or incomplete.
#
#  Out of Memory Error (allocation.cpp:389), pid=36704, tid=0x0000000000008b80
#
# JRE version: Java(TM) SE Runtime Environment (8.0_202-b08) (build 1.8.0_202-b08)
# Java VM: Java HotSpot(TM) 64-Bit Server VM (25.202-b08 mixed mode windows-amd64 compressed oops)
# Failed to write core dump. Minidumps are not enabled by default on client versions of Windows
#

---------------  T H R E A D  ---------------

Current thread (0x000000001984b800):  JavaThread "C2 CompilerThread1" daemon [_thread_in_native, id=35712, stack(0x000000001a270000,0x000000001a370000)]

Stack: [0x000000001a270000,0x000000001a370000]
[error occurred during error reporting (printing stack bounds), id 0xc0000005]

Native frames: (J=compiled Java code, j=interpreted, Vv=VM code, C=native code)


Current CompileTask:
C2:  20927 3356       4       java.net.URLClassLoader$1::run (5 bytes)


---------------  P R O C E S S  ---------------

Java Threads: ( => current thread )
  0x000000001ccb0000 JavaThread "Okio Watchdog" daemon [_thread_blocked, id=34736, stack(0x000000001e450000,0x000000001e550000)]
  0x000000001ccb3000 JavaThread "OkHttp ConnectionPool" daemon [_thread_blocked, id=29020, stack(0x000000001e350000,0x000000001e450000)]
  0x000000001b33e000 JavaThread "Exec Stream Pumper" daemon [_thread_in_native, id=28440, stack(0x000000001e050000,0x000000001e150000)]
  0x000000001b508800 JavaThread "Exec Stream Pumper" daemon [_thread_in_native, id=26816, stack(0x000000001df50000,0x000000001e050000)]
  0x0000000019d02000 JavaThread "UrlChecker-2" daemon [_thread_blocked, id=36764, stack(0x000000001dd50000,0x000000001de50000)]
  0x000000001b2c0800 JavaThread "Exec Default Executor" daemon [_thread_in_native, id=26996, stack(0x000000001dc50000,0x000000001dd50000)]
  0x000000001a95d800 JavaThread "Forwarding isElementDisplayed on session e5100e6fd81492d5fd0dd43352429aa9 to remote" [_thread_in_Java, id=34912, stack(0x000000001c780000,0x000000001c880000)]
  0x000000001a6cc800 JavaThread "TestNG" [_thread_blocked, id=24900, stack(0x000000001be80000,0x000000001bf80000)]
  0x000000001997b000 JavaThread "Service Thread" daemon [_thread_blocked, id=35656, stack(0x000000001a470000,0x000000001a570000)]
  0x000000001984d000 JavaThread "C1 CompilerThread2" daemon [_thread_blocked, id=12520, stack(0x000000001a370000,0x000000001a470000)]
=>0x000000001984b800 JavaThread "C2 CompilerThread1" daemon [_thread_in_native, id=35712, stack(0x000000001a270000,0x000000001a370000)]
  0x000000001981d800 JavaThread "C2 CompilerThread0" daemon [_thread_in_native, id=5276, stack(0x000000001a170000,0x000000001a270000)]
  0x00000000198ac800 JavaThread "Monitor Ctrl-Break" daemon [_thread_in_native, id=2328, stack(0x000000001a070000,0x000000001a170000)]
  0x0000000017e2d800 JavaThread "Attach Listener" daemon [_thread_blocked, id=36308, stack(0x0000000019370000,0x0000000019470000)]
  0x0000000017e2c800 JavaThread "Signal Dispatcher" daemon [_thread_blocked, id=37240, stack(0x0000000019270000,0x0000000019370000)]
  0x00000000032fa000 JavaThread "Finalizer" daemon [_thread_blocked, id=35832, stack(0x0000000019070000,0x0000000019170000)]
  0x00000000032f7000 JavaThread "Reference Handler" daemon [_thread_blocked, id=13504, stack(0x0000000018f70000,0x0000000019070000)]
  0x0000000003207000 JavaThread "main" [_thread_blocked, id=35796, stack(0x0000000002fe0000,0x00000000030e0000)]

Other Threads:
  0x0000000017de7800 VMThread [stack: 0x0000000018e70000,0x0000000018f70000] [id=18968]
  0x000000001996a000 WatcherThread [stack: 0x000000001a570000,0x000000001a670000] [id=31572]

VM state:not at safepoint (normal execution)

VM Mutex/Monitor currently owned by a thread: None

heap address: 0x0000000081e00000, size: 2018 MB, Compressed Oops mode: 32-bit
Narrow klass base: 0x0000000000000000, Narrow klass shift: 3
Compressed class space size: 1073741824 Address: 0x0000000100000000

Heap:
 PSYoungGen      total 92672K, used 40136K [0x00000000d5f80000, 0x00000000dee00000, 0x0000000100000000)
  eden space 82944K, 48% used [0x00000000d5f80000,0x00000000d86b21b0,0x00000000db080000)
  from space 9728K, 0% used [0x00000000db080000,0x00000000db080000,0x00000000dba00000)
  to   space 10240K, 0% used [0x00000000de400000,0x00000000de400000,0x00000000dee00000)
 ParOldGen       total 67584K, used 11487K [0x0000000081e00000, 0x0000000086000000, 0x00000000d5f80000)
  object space 67584K, 16% used [0x0000000081e00000,0x0000000082937de0,0x0000000086000000)
 Metaspace       used 35484K, capacity 36864K, committed 37120K, reserved 1081344K
  class space    used 4288K, capacity 4586K, committed 4608K, reserved 1048576K

Card table byte_map: [0x00000000126c0000,0x0000000012ac0000] byte_map_base: 0x00000000122b1000

Marking Bits: (ParMarkBitMap*) 0x0000000072e25ce0
 Begin Bits: [0x0000000013170000, 0x00000000150f8000)
 End Bits:   [0x00000000150f8000, 0x0000000017080000)

Polling page: 0x00000000012d0000

CodeCache: size=245760Kb used=10600Kb max_used=10619Kb free=235160Kb
 bounds [0x0000000003300000, 0x0000000003d80000, 0x0000000012300000]
 total_blobs=3664 nmethods=3178 adapters=397
 compilation: enabled

Compilation events (10 events):
Event: 20.893 Thread 0x000000001984d000 3465       2       java.util.Formatter$FixedString::<init> (15 bytes)
Event: 20.893 Thread 0x000000001984d000 nmethod 3465 0x000000000389fc90 code [0x000000000389fde0, 0x000000000389ff50]
Event: 20.893 Thread 0x000000001984d000 3467       2       java.lang.Long::toString (52 bytes)
Event: 20.893 Thread 0x000000001984d000 nmethod 3467 0x0000000003792fd0 code [0x0000000003793160, 0x0000000003793448]
Event: 20.907 Thread 0x000000001984d000 3468       2       okio.RealBufferedSink::writeUtf8 (31 bytes)
Event: 20.907 Thread 0x000000001984d000 nmethod 3468 0x0000000003792a10 code [0x0000000003792ba0, 0x0000000003792e08]
Event: 20.907 Thread 0x000000001984d000 3469       2       okio.Buffer::writeUtf8 (11 bytes)
Event: 20.907 Thread 0x000000001984d000 nmethod 3469 0x0000000003792610 code [0x0000000003792780, 0x0000000003792908]
Event: 20.925 Thread 0x000000001984d000 3470       2       com.google.common.base.Ascii::isUpperCase (18 bytes)
Event: 20.926 Thread 0x000000001984d000 nmethod 3470 0x00000000037922d0 code [0x0000000003792420, 0x0000000003792570]

GC Heap History (10 events):
Event: 9.604 GC heap before
{Heap before GC invocations=7 (full 1):
 PSYoungGen      total 38400K, used 36857K [0x00000000d5f80000, 0x00000000da780000, 0x0000000100000000)
  eden space 33280K, 100% used [0x00000000d5f80000,0x00000000d8000000,0x00000000d8000000)
  from space 5120K, 69% used [0x00000000d8000000,0x00000000d837e590,0x00000000d8500000)
  to   space 9728K, 0% used [0x00000000d9e00000,0x00000000d9e00000,0x00000000da780000)
 ParOldGen       total 55808K, used 7405K [0x0000000081e00000, 0x0000000085480000, 0x00000000d5f80000)
  object space 55808K, 13% used [0x0000000081e00000,0x000000008253b608,0x0000000085480000)
 Metaspace       used 26733K, capacity 27844K, committed 28032K, reserved 1073152K
  class space    used 3157K, capacity 3380K, committed 3456K, reserved 1048576K
Event: 9.611 GC heap after
Heap after GC invocations=7 (full 1):
 PSYoungGen      total 62976K, used 5063K [0x00000000d5f80000, 0x00000000da700000, 0x0000000100000000)
  eden space 53760K, 0% used [0x00000000d5f80000,0x00000000d5f80000,0x00000000d9400000)
  from space 9216K, 54% used [0x00000000d9e00000,0x00000000da2f1dc0,0x00000000da700000)
  to   space 9728K, 0% used [0x00000000d9400000,0x00000000d9400000,0x00000000d9d80000)
 ParOldGen       total 55808K, used 7413K [0x0000000081e00000, 0x0000000085480000, 0x00000000d5f80000)
  object space 55808K, 13% used [0x0000000081e00000,0x000000008253d608,0x0000000085480000)
 Metaspace       used 26733K, capacity 27844K, committed 28032K, reserved 1073152K
  class space    used 3157K, capacity 3380K, committed 3456K, reserved 1048576K
}
Event: 19.066 GC heap before
{Heap before GC invocations=8 (full 1):
 PSYoungGen      total 62976K, used 58823K [0x00000000d5f80000, 0x00000000da700000, 0x0000000100000000)
  eden space 53760K, 100% used [0x00000000d5f80000,0x00000000d9400000,0x00000000d9400000)
  from space 9216K, 54% used [0x00000000d9e00000,0x00000000da2f1dc0,0x00000000da700000)
  to   space 9728K, 0% used [0x00000000d9400000,0x00000000d9400000,0x00000000d9d80000)
 ParOldGen       total 55808K, used 7413K [0x0000000081e00000, 0x0000000085480000, 0x00000000d5f80000)
  object space 55808K, 13% used [0x0000000081e00000,0x000000008253d608,0x0000000085480000)
 Metaspace       used 29727K, capacity 31052K, committed 31360K, reserved 1077248K
  class space    used 3589K, capacity 3878K, committed 3968K, reserved 1048576K
Event: 19.077 GC heap after
Heap after GC invocations=8 (full 1):
 PSYoungGen      total 63488K, used 6402K [0x00000000d5f80000, 0x00000000dc300000, 0x0000000100000000)
  eden space 53760K, 0% used [0x00000000d5f80000,0x00000000d5f80000,0x00000000d9400000)
  from space 9728K, 65% used [0x00000000d9400000,0x00000000d9a40b38,0x00000000d9d80000)
  to   space 9216K, 0% used [0x00000000dba00000,0x00000000dba00000,0x00000000dc300000)
 ParOldGen       total 55808K, used 7421K [0x0000000081e00000, 0x0000000085480000, 0x00000000d5f80000)
  object space 55808K, 13% used [0x0000000081e00000,0x000000008253f608,0x0000000085480000)
 Metaspace       used 29727K, capacity 31052K, committed 31360K, reserved 1077248K
  class space    used 3589K, capacity 3878K, committed 3968K, reserved 1048576K
}
Event: 19.758 GC heap before
{Heap before GC invocations=9 (full 1):
 PSYoungGen      total 63488K, used 60162K [0x00000000d5f80000, 0x00000000dc300000, 0x0000000100000000)
  eden space 53760K, 100% used [0x00000000d5f80000,0x00000000d9400000,0x00000000d9400000)
  from space 9728K, 65% used [0x00000000d9400000,0x00000000d9a40b38,0x00000000d9d80000)
  to   space 9216K, 0% used [0x00000000dba00000,0x00000000dba00000,0x00000000dc300000)
 ParOldGen       total 55808K, used 7421K [0x0000000081e00000, 0x0000000085480000, 0x00000000d5f80000)
  object space 55808K, 13% used [0x0000000081e00000,0x000000008253f608,0x0000000085480000)
 Metaspace       used 33412K, capacity 34790K, committed 35072K, reserved 1079296K
  class space    used 4027K, capacity 4335K, committed 4352K, reserved 1048576K
Event: 19.769 GC heap after
Heap after GC invocations=9 (full 1):
 PSYoungGen      total 92160K, used 8167K [0x00000000d5f80000, 0x00000000dc780000, 0x0000000100000000)
  eden space 82944K, 0% used [0x00000000d5f80000,0x00000000d5f80000,0x00000000db080000)
  from space 9216K, 88% used [0x00000000dba00000,0x00000000dc1f9f98,0x00000000dc300000)
  to   space 9728K, 0% used [0x00000000db080000,0x00000000db080000,0x00000000dba00000)
 ParOldGen       total 55808K, used 7429K [0x0000000081e00000, 0x0000000085480000, 0x00000000d5f80000)
  object space 55808K, 13% used [0x0000000081e00000,0x0000000082541608,0x0000000085480000)
 Metaspace       used 33412K, capacity 34790K, committed 35072K, reserved 1079296K
  class space    used 4027K, capacity 4335K, committed 4352K, reserved 1048576K
}
Event: 19.854 GC heap before
{Heap before GC invocations=10 (full 1):
 PSYoungGen      total 92160K, used 14269K [0x00000000d5f80000, 0x00000000dc780000, 0x0000000100000000)
  eden space 82944K, 7% used [0x00000000d5f80000,0x00000000d6575728,0x00000000db080000)
  from space 9216K, 88% used [0x00000000dba00000,0x00000000dc1f9f98,0x00000000dc300000)
  to   space 9728K, 0% used [0x00000000db080000,0x00000000db080000,0x00000000dba00000)
 ParOldGen       total 55808K, used 7429K [0x0000000081e00000, 0x0000000085480000, 0x00000000d5f80000)
  object space 55808K, 13% used [0x0000000081e00000,0x0000000082541608,0x0000000085480000)
 Metaspace       used 33914K, capacity 35250K, committed 35456K, reserved 1081344K
  class space    used 4107K, capacity 4401K, committed 4480K, reserved 1048576K
Event: 19.863 GC heap after
Heap after GC invocations=10 (full 1):
 PSYoungGen      total 92672K, used 3625K [0x00000000d5f80000, 0x00000000dee00000, 0x0000000100000000)
  eden space 82944K, 0% used [0x00000000d5f80000,0x00000000d5f80000,0x00000000db080000)
  from space 9728K, 37% used [0x00000000db080000,0x00000000db40a540,0x00000000dba00000)
  to   space 10240K, 0% used [0x00000000de400000,0x00000000de400000,0x00000000dee00000)
 ParOldGen       total 55808K, used 10009K [0x0000000081e00000, 0x0000000085480000, 0x00000000d5f80000)
  object space 55808K, 17% used [0x0000000081e00000,0x00000000827c6678,0x0000000085480000)
 Metaspace       used 33914K, capacity 35250K, committed 35456K, reserved 1081344K
  class space    used 4107K, capacity 4401K, committed 4480K, reserved 1048576K
}
Event: 19.863 GC heap before
{Heap before GC invocations=11 (full 2):
 PSYoungGen      total 92672K, used 3625K [0x00000000d5f80000, 0x00000000dee00000, 0x0000000100000000)
  eden space 82944K, 0% used [0x00000000d5f80000,0x00000000d5f80000,0x00000000db080000)
  from space 9728K, 37% used [0x00000000db080000,0x00000000db40a540,0x00000000dba00000)
  to   space 10240K, 0% used [0x00000000de400000,0x00000000de400000,0x00000000dee00000)
 ParOldGen       total 55808K, used 10009K [0x0000000081e00000, 0x0000000085480000, 0x00000000d5f80000)
  object space 55808K, 17% used [0x0000000081e00000,0x00000000827c6678,0x0000000085480000)
 Metaspace       used 33914K, capacity 35250K, committed 35456K, reserved 1081344K
  class space    used 4107K, capacity 4401K, committed 4480K, reserved 1048576K
Event: 19.934 GC heap after
Heap after GC invocations=11 (full 2):
 PSYoungGen      total 92672K, used 0K [0x00000000d5f80000, 0x00000000dee00000, 0x0000000100000000)
  eden space 82944K, 0% used [0x00000000d5f80000,0x00000000d5f80000,0x00000000db080000)
  from space 9728K, 0% used [0x00000000db080000,0x00000000db080000,0x00000000dba00000)
  to   space 10240K, 0% used [0x00000000de400000,0x00000000de400000,0x00000000dee00000)
 ParOldGen       total 67584K, used 11487K [0x0000000081e00000, 0x0000000086000000, 0x00000000d5f80000)
  object space 67584K, 16% used [0x0000000081e00000,0x0000000082937de0,0x0000000086000000)
 Metaspace       used 33914K, capacity 35250K, committed 35456K, reserved 1081344K
  class space    used 4107K, capacity 4401K, committed 4480K, reserved 1048576K
}

Deoptimization events (10 events):
Event: 20.183 Thread 0x000000001a95d800 Uncommon trap: reason=unstable_if action=reinterpret pc=0x0000000003c04f40 method=org.apache.xmlbeans.impl.store.Cur.isNormal()Z @ 60
Event: 20.183 Thread 0x000000001a95d800 Uncommon trap: reason=unstable_if action=reinterpret pc=0x0000000003bf8a50 method=org.apache.xmlbeans.impl.store.Cur.moveTo(Lorg/apache/xmlbeans/impl/store/Xobj;I)V @ 111
Event: 20.183 Thread 0x000000001a95d800 Uncommon trap: reason=unstable_if action=reinterpret pc=0x0000000003c0207c method=org.apache.xmlbeans.impl.store.Cur.moveToNoCheck(Lorg/apache/xmlbeans/impl/store/Xobj;I)V @ 5
Event: 20.183 Thread 0x000000001a95d800 Uncommon trap: reason=unstable_if action=reinterpret pc=0x0000000003bdeea0 method=org.apache.xmlbeans.impl.store.Cur.isNormal()Z @ 60
Event: 20.183 Thread 0x000000001a95d800 Uncommon trap: reason=unstable_if action=reinterpret pc=0x0000000003bd7460 method=org.apache.xmlbeans.impl.store.Xobj.bitIsSet(I)Z @ 6
Event: 20.189 Thread 0x000000001a95d800 Uncommon trap: reason=unstable_if action=reinterpret pc=0x0000000003ca71e4 method=javax.xml.namespace.QName.equals(Ljava/lang/Object;)Z @ 2
Event: 20.225 Thread 0x000000001a95d800 Uncommon trap: reason=unstable_if action=reinterpret pc=0x0000000003c17db0 method=com.sun.org.apache.xerces.internal.impl.XMLEntityScanner.peekChar()I @ 14
Event: 20.320 Thread 0x000000001a95d800 Uncommon trap: reason=class_check action=maybe_recompile pc=0x0000000003c65070 method=org.apache.xmlbeans.impl.store.CharUtil.isValid(Ljava/lang/Object;II)Z @ 64
Event: 20.384 Thread 0x000000001a95d800 Uncommon trap: reason=unstable_if action=reinterpret pc=0x0000000003d08d90 method=java.lang.Integer.compare(II)I @ 2
Event: 20.400 Thread 0x000000001a95d800 Uncommon trap: reason=unstable_if action=reinterpret pc=0x0000000003d3c324 method=org.apache.xmlbeans.impl.values.XmlObjectBase.has_store()Z @ 7

Classes redefined (0 events):
No events

Internal exceptions (10 events):
Event: 20.414 Thread 0x000000001a95d800 Exception <a 'java/lang/IncompatibleClassChangeError': Found class java.lang.Object, but interface was expected> (0x00000000d72375f0) thrown at [C:\re\workspace\8-2-build-windows-amd64-cygwin\jdk8u202\12323\hotspot\src\share\vm\interpreter\linkResolver.cp
Event: 20.417 Thread 0x000000001a95d800 Exception <a 'java/lang/IncompatibleClassChangeError': Found class java.lang.Object, but interface was expected> (0x00000000d723c0a8) thrown at [C:\re\workspace\8-2-build-windows-amd64-cygwin\jdk8u202\12323\hotspot\src\share\vm\interpreter\linkResolver.cp
Event: 20.417 Thread 0x000000001a95d800 Exception <a 'java/lang/IncompatibleClassChangeError': Found class java.lang.Object, but interface was expected> (0x00000000d723fac0) thrown at [C:\re\workspace\8-2-build-windows-amd64-cygwin\jdk8u202\12323\hotspot\src\share\vm\interpreter\linkResolver.cp
Event: 20.572 Thread 0x000000001a95d800 Exception <a 'java/lang/NoSuchMethodError': java.lang.Object.lambda$static$0(Ljava/time/Duration;)V> (0x00000000d7327168) thrown at [C:\re\workspace\8-2-build-windows-amd64-cygwin\jdk8u202\12323\hotspot\src\share\vm\interpreter\linkResolver.cpp, line 620]
Event: 20.595 Thread 0x000000001a95d800 Exception <a 'java/net/SocketTimeoutException': Read timed out> (0x00000000d73682e0) thrown at [C:\re\workspace\8-2-build-windows-amd64-cygwin\jdk8u202\12323\hotspot\src\share\vm\prims\jni.cpp, line 736]
Event: 20.765 Thread 0x000000001a95d800 Exception <a 'java/net/SocketTimeoutException': Read timed out> (0x00000000d7c81ba0) thrown at [C:\re\workspace\8-2-build-windows-amd64-cygwin\jdk8u202\12323\hotspot\src\share\vm\prims\jni.cpp, line 736]
Event: 20.796 Thread 0x000000001a95d800 Exception <a 'java/net/SocketTimeoutException': Read timed out> (0x00000000d7ca7be8) thrown at [C:\re\workspace\8-2-build-windows-amd64-cygwin\jdk8u202\12323\hotspot\src\share\vm\prims\jni.cpp, line 736]
Event: 20.828 Thread 0x000000001a95d800 Exception <a 'java/net/SocketTimeoutException': Read timed out> (0x00000000d83e5910) thrown at [C:\re\workspace\8-2-build-windows-amd64-cygwin\jdk8u202\12323\hotspot\src\share\vm\prims\jni.cpp, line 736]
Event: 20.859 Thread 0x000000001a95d800 Exception <a 'java/net/SocketTimeoutException': Read timed out> (0x00000000d83f9088) thrown at [C:\re\workspace\8-2-build-windows-amd64-cygwin\jdk8u202\12323\hotspot\src\share\vm\prims\jni.cpp, line 736]
Event: 20.906 Thread 0x000000001a95d800 Exception <a 'java/net/SocketTimeoutException': Read timed out> (0x00000000d84217a0) thrown at [C:\re\workspace\8-2-build-windows-amd64-cygwin\jdk8u202\12323\hotspot\src\share\vm\prims\jni.cpp, line 736]

Events (10 events):
Event: 20.734 loading class com/google/common/io/Closer$SuppressingSuppressor
Event: 20.734 loading class com/google/common/io/Closer$SuppressingSuppressor done
Event: 20.737 loading class org/openqa/selenium/remote/internal/WebElementToJsonConverter
Event: 20.737 loading class org/openqa/selenium/remote/internal/WebElementToJsonConverter done
Event: 20.784 loading class org/openqa/selenium/support/ui/ExpectedConditions$23
Event: 20.784 loading class org/openqa/selenium/support/ui/ExpectedConditions$23 done
Event: 20.872 loading class org/openqa/selenium/net/Urls
Event: 20.872 loading class org/openqa/selenium/net/Urls done
Event: 20.873 loading class java/io/CharArrayWriter
Event: 20.873 loading class java/io/CharArrayWriter done


Dynamic libraries:
0x00007ff7c7540000 - 0x00007ff7c7577000 	C:\Program Files\Java\jdk1.8.0_202\bin\java.exe
0x00007ffe76210000 - 0x00007ffe76408000 	C:\Windows\SYSTEM32\ntdll.dll
0x00007ffe64ba0000 - 0x00007ffe64bb9000 	C:\Program Files\AVG\Antivirus\aswhook.dll
0x00007ffe75170000 - 0x00007ffe7522f000 	C:\Windows\System32\KERNEL32.DLL
0x00007ffe73920000 - 0x00007ffe73bfa000 	C:\Windows\System32\KERNELBASE.dll
0x00007ffe74fc0000 - 0x00007ffe7506e000 	C:\Windows\System32\ADVAPI32.dll
0x00007ffe75ad0000 - 0x00007ffe75b6e000 	C:\Windows\System32\msvcrt.dll
0x00007ffe76130000 - 0x00007ffe761cc000 	C:\Windows\System32\sechost.dll
0x00007ffe74660000 - 0x00007ffe74786000 	C:\Windows\System32\RPCRT4.dll
0x00007ffe74280000 - 0x00007ffe7441d000 	C:\Windows\System32\USER32.dll
0x00007ffe73c00000 - 0x00007ffe73c22000 	C:\Windows\System32\win32u.dll
0x00007ffe75f50000 - 0x00007ffe75f7b000 	C:\Windows\System32\GDI32.dll
0x00007ffe73ce0000 - 0x00007ffe73df0000 	C:\Windows\System32\gdi32full.dll
0x00007ffe740d0000 - 0x00007ffe7416d000 	C:\Windows\System32\msvcp_win.dll
0x00007ffe74170000 - 0x00007ffe74270000 	C:\Windows\System32\ucrtbase.dll
0x00007ffe63790000 - 0x00007ffe63a2a000 	C:\Windows\WinSxS\amd64_microsoft.windows.common-controls_6595b64144ccf1df_6.0.19041.1110_none_60b5254171f9507e\COMCTL32.dll
0x00007ffe75960000 - 0x00007ffe75990000 	C:\Windows\System32\IMM32.DLL
0x00000000732f0000 - 0x00000000733c2000 	C:\Program Files\Java\jdk1.8.0_202\jre\bin\msvcr100.dll
0x0000000072600000 - 0x0000000072ea5000 	C:\Program Files\Java\jdk1.8.0_202\jre\bin\server\jvm.dll
0x00007ffe74270000 - 0x00007ffe74278000 	C:\Windows\System32\PSAPI.DLL
0x00007ffe692a0000 - 0x00007ffe692a9000 	C:\Windows\SYSTEM32\WSOCK32.dll
0x00007ffe75230000 - 0x00007ffe7529b000 	C:\Windows\System32\WS2_32.dll
0x00007ffe63aa0000 - 0x00007ffe63ac7000 	C:\Windows\SYSTEM32\WINMM.dll
0x00007ffe6dd10000 - 0x00007ffe6dd1a000 	C:\Windows\SYSTEM32\VERSION.dll
0x00007ffe6d900000 - 0x00007ffe6d90f000 	C:\Program Files\Java\jdk1.8.0_202\jre\bin\verify.dll
0x00007ffe6d500000 - 0x00007ffe6d529000 	C:\Program Files\Java\jdk1.8.0_202\jre\bin\java.dll
0x00007ffe647b0000 - 0x00007ffe647d3000 	C:\Program Files\Java\jdk1.8.0_202\jre\bin\instrument.dll
0x00007ffe6b0d0000 - 0x00007ffe6b0e6000 	C:\Program Files\Java\jdk1.8.0_202\jre\bin\zip.dll
0x00007ffe74790000 - 0x00007ffe74ed4000 	C:\Windows\System32\SHELL32.dll
0x00007ffe719e0000 - 0x00007ffe72173000 	C:\Windows\SYSTEM32\windows.storage.dll
0x00007ffe75b70000 - 0x00007ffe75ec4000 	C:\Windows\System32\combase.dll
0x00007ffe73310000 - 0x00007ffe7333e000 	C:\Windows\SYSTEM32\Wldp.dll
0x00007ffe75a00000 - 0x00007ffe75aad000 	C:\Windows\System32\SHCORE.dll
0x00007ffe75070000 - 0x00007ffe750c5000 	C:\Windows\System32\shlwapi.dll
0x00007ffe73860000 - 0x00007ffe7387f000 	C:\Windows\SYSTEM32\profapi.dll
0x00007ffe6a6d0000 - 0x00007ffe6a6ea000 	C:\Program Files\JetBrains\IntelliJ IDEA Community Edition 2022.2.1\bin\breakgen64.dll
0x00007ffe68610000 - 0x00007ffe6862a000 	C:\Program Files\Java\jdk1.8.0_202\jre\bin\net.dll
0x00007ffe60050000 - 0x00007ffe6023c000 	C:\Windows\SYSTEM32\urlmon.dll
0x00007ffe5fcd0000 - 0x00007ffe5ff81000 	C:\Windows\SYSTEM32\iertutil.dll
0x00007ffe660c0000 - 0x00007ffe660e8000 	C:\Windows\SYSTEM32\srvcli.dll
0x00007ffe72e50000 - 0x00007ffe72e5c000 	C:\Windows\SYSTEM32\netutils.dll
0x00007ffe73000000 - 0x00007ffe7306a000 	C:\Windows\system32\mswsock.dll
0x00007ffe62bc0000 - 0x00007ffe62be4000 	C:\Program Files\Java\jdk1.8.0_202\jre\bin\sunec.dll
0x00007ffe72cf0000 - 0x00007ffe72d2c000 	C:\Windows\SYSTEM32\IPHLPAPI.DLL
0x00007ffe750d0000 - 0x00007ffe750d8000 	C:\Windows\System32\NSI.dll
0x00007ffe6c570000 - 0x00007ffe6c587000 	C:\Windows\SYSTEM32\dhcpcsvc6.DLL
0x00007ffe6cbb0000 - 0x00007ffe6cbcd000 	C:\Windows\SYSTEM32\dhcpcsvc.DLL
0x00007ffe72d30000 - 0x00007ffe72dfb000 	C:\Windows\SYSTEM32\DNSAPI.dll
0x00007ffe65000000 - 0x00007ffe65012000 	C:\Program Files\Java\jdk1.8.0_202\jre\bin\nio.dll
0x00007ffe731f0000 - 0x00007ffe73208000 	C:\Windows\SYSTEM32\CRYPTSP.dll
0x00007ffe72920000 - 0x00007ffe72954000 	C:\Windows\system32\rsaenh.dll
0x00007ffe740a0000 - 0x00007ffe740c7000 	C:\Windows\System32\bcrypt.dll
0x00007ffe73820000 - 0x00007ffe7384e000 	C:\Windows\SYSTEM32\USERENV.dll
0x00007ffe74010000 - 0x00007ffe74092000 	C:\Windows\System32\bcryptprimitives.dll
0x00007ffe73210000 - 0x00007ffe7321c000 	C:\Windows\SYSTEM32\CRYPTBASE.dll
0x00007ffe6d4e0000 - 0x00007ffe6d4eb000 	C:\Program Files\Java\jdk1.8.0_202\jre\bin\sunmscapi.dll
0x00007ffe73eb0000 - 0x00007ffe74006000 	C:\Windows\System32\CRYPT32.dll
0x00007ffe69c20000 - 0x00007ffe69c2a000 	C:\Windows\System32\rasadhlp.dll
0x00007ffe69dd0000 - 0x00007ffe69e50000 	C:\Windows\System32\fwpuclnt.dll
0x00007ffe5a730000 - 0x00007ffe5a747000 	C:\Windows\system32\napinsp.dll
0x00007ffe5a750000 - 0x00007ffe5a76b000 	C:\Windows\system32\pnrpnsp.dll
0x00007ffe6ec20000 - 0x00007ffe6ec35000 	C:\Windows\system32\wshbth.dll
0x00007ffe6d7b0000 - 0x00007ffe6d7cd000 	C:\Windows\system32\NLAapi.dll
0x00007ffe5b7c0000 - 0x00007ffe5b7d2000 	C:\Windows\System32\winrnr.dll
0x00007ffe6db70000 - 0x00007ffe6db7d000 	C:\Program Files\Java\jdk1.8.0_202\jre\bin\management.dll

VM Arguments:
jvm_args: -ea -javaagent:C:\Users\Lenovo\.m2\repository/org/aspectj/aspectjweaver/1.8.10/aspectjweaver-1.8.10.jar -Dcucumber.options=--plugin io.qameta.allure.cucumber6Jvm.AllureCucumber6Jvm -Didea.test.cyclic.buffer.size=1048576 -javaagent:C:\Program Files\JetBrains\IntelliJ IDEA Community Edition 2022.2.1\lib\idea_rt.jar=51885:C:\Program Files\JetBrains\IntelliJ IDEA Community Edition 2022.2.1\bin -Dfile.encoding=UTF-8 
java_command: com.intellij.rt.testng.RemoteTestNGStarter -usedefaultlisteners false -socket51884 @w@C:\Users\Lenovo\AppData\Local\Temp\idea_working_dirs_testng.tmp -temp C:\Users\Lenovo\AppData\Local\Temp\idea_testng.tmp
java_class_path (initial): C:\Program Files\JetBrains\IntelliJ IDEA Community Edition 2022.2.1\lib\idea_rt.jar;C:\Program Files\JetBrains\IntelliJ IDEA Community Edition 2022.2.1\plugins\testng\lib\testng-rt.jar;C:\Program Files\Java\jdk1.8.0_202\jre\lib\charsets.jar;C:\Program Files\Java\jdk1.8.0_202\jre\lib\deploy.jar;C:\Program Files\Java\jdk1.8.0_202\jre\lib\ext\access-bridge-64.jar;C:\Program Files\Java\jdk1.8.0_202\jre\lib\ext\cldrdata.jar;C:\Program Files\Java\jdk1.8.0_202\jre\lib\ext\dnsns.jar;C:\Program Files\Java\jdk1.8.0_202\jre\lib\ext\jaccess.jar;C:\Program Files\Java\jdk1.8.0_202\jre\lib\ext\jfxrt.jar;C:\Program Files\Java\jdk1.8.0_202\jre\lib\ext\localedata.jar;C:\Program Files\Java\jdk1.8.0_202\jre\lib\ext\nashorn.jar;C:\Program Files\Java\jdk1.8.0_202\jre\lib\ext\sunec.jar;C:\Program Files\Java\jdk1.8.0_202\jre\lib\ext\sunjce_provider.jar;C:\Program Files\Java\jdk1.8.0_202\jre\lib\ext\sunmscapi.jar;C:\Program Files\Java\jdk1.8.0_202\jre\lib\ext\sunpkcs11.jar;C:\Program Files\Java\jdk1.8.0_202\jre\lib\ext\zipfs.jar;C:\Program Files\Java\jdk1.8.0_202\jre\lib\javaws.jar;C:\Program Files\Java\jdk1.8.0_202\jre\lib\jce.jar;C:\Program Files\Java\jdk1.8.0_202\jre\lib\jfr.jar;C:\Program Files\Java\jdk1.8.0_202\jre\lib\jfxswt.jar;C:\Program Files\Java\jdk1.8.0_202\jre\lib\jsse.jar;C:\Program Files\Java\jdk1.8.0_202\jre\lib\management-agent.jar;C:\Program Files\Java\jdk1.8.0_202\jre\lib\plugin.jar;C:\Program Files\Java\jdk1.8.0_202\jre\lib\resources.jar;C:\Program Files\Java\jdk1.8.0_202\jre\lib\rt.jar;C:\Users\Lenovo\Desktop\QAprojekti\Automation_projekti\bcgroup\target\test-classes;C:\Users\Lenovo\Desktop\QAprojekti\Automation_projekti\bcgroup\target\classes;C:\Users\Lenovo\.m2\repository\org\seleniumhq\selenium\selenium-java\3.141.59\selenium-java-3.141.59.jar;C:\Users\Lenovo\.m2\repository\org\seleniumhq\selenium\selenium-api\3.141.59\selenium-api-3.141.59.jar;C:\Users\Lenovo\.m2\repository\org\seleniumhq\selenium\selenium-chrome-driver\3.141.59\selenium
Launcher Type: SUN_STANDARD

Environment Variables:
JAVA_HOME=C:\Program Files\Java\jdk-17
PATH=C:\Program Files (x86)\Common Files\Oracle\Java\javapath;C:\Program Files\Common Files\Oracle\Java\javapath;C:\Windows\system32;C:\Windows;C:\Windows\System32\Wbem;C:\Windows\System32\WindowsPowerShell\v1.0\;C:\Windows\System32\OpenSSH\;C:\Program Files\Git\cmd;c:\Program Files (x86)\Intel\Intel(R) Management Engine Components\DAL;c:\Program Files\Intel\Intel(R) Management Engine Components\DAL;C:\Users\Lenovo\AppData\Local\Microsoft\WindowsApps;C:\Program Files\JetBrains\IntelliJ IDEA Community Edition 2022.2.1\bin;;C:\Users\Lenovo\Desktop\QAprojekti\apache-maven-3.8.6\bin;C:\Users\Lenovo\Desktop\QAprojekti\allure-2.13.8\bin;
USERNAME=Lenovo
OS=Windows_NT
PROCESSOR_IDENTIFIER=Intel64 Family 6 Model 78 Stepping 3, GenuineIntel



---------------  S Y S T E M  ---------------

OS: Windows 10.0 , 64 bit Build 19041 (10.0.19041.2788)

CPU:total 4 (initial active 4) (2 cores per cpu, 2 threads per core) family 6 model 78 stepping 3, cmov, cx8, fxsr, mmx, sse, sse2, sse3, ssse3, sse4.1, sse4.2, popcnt, avx, avx2, aes, clmul, erms, rtm, 3dnowpref, lzcnt, ht, tsc, tscinvbit, bmi1, bmi2, adx

Memory: 4k page, physical 8265504k(399896k free), swap 21069852k(5256k free)

vm_info: Java HotSpot(TM) 64-Bit Server VM (25.202-b08) for windows-amd64 JRE (1.8.0_202-b08), built on Dec 15 2018 19:54:30 by "java_re" with MS VC++ 10.0 (VS2010)

time: Sat Jun 03 20:25:06 2023
timezone: Central Europe Daylight Time
elapsed time: 20 seconds (0d 0h 0m 20s)

