#
# There is insufficient memory for the Java Runtime Environment to continue.
# Native memory allocation (malloc) failed to allocate 524304 bytes for Chunk::new
# Possible reasons:
#   The system is out of physical RAM or swap space
#   The process is running with CompressedOops enabled, and the Java Heap may be blocking the growth of the native heap
# Possible solutions:
#   Reduce memory load on the system
#   Increase physical memory or swap space
#   Check if swap backing store is full
#   Decrease Java heap size (-Xmx/-Xms)
#   Decrease number of Java threads
#   Decrease Java thread stack sizes (-Xss)
#   Set larger code cache with -XX:ReservedCodeCacheSize=
#   JVM is running with Unscaled Compressed Oops mode in which the Java heap is
#     placed in the first 4GB address space. The Java Heap base address is the
#     maximum limit for the native heap growth. Please use -XX:HeapBaseMinAddress
#     to set the Java Heap base and to place the Java Heap above 4GB virtual address.
# This output file may be truncated or incomplete.
#
#  Out of Memory Error (allocation.cpp:389), pid=38564, tid=0x0000000000008444
#
# JRE version: Java(TM) SE Runtime Environment (8.0_202-b08) (build 1.8.0_202-b08)
# Java VM: Java HotSpot(TM) 64-Bit Server VM (25.202-b08 mixed mode windows-amd64 compressed oops)
# Failed to write core dump. Minidumps are not enabled by default on client versions of Windows
#

---------------  T H R E A D  ---------------

Current thread (0x0000000018f2a000):  JavaThread "C2 CompilerThread0" daemon [_thread_in_native, id=33860, stack(0x00000000198c0000,0x00000000199c0000)]

Stack: [0x00000000198c0000,0x00000000199c0000]
[error occurred during error reporting (printing stack bounds), id 0xc0000005]

Native frames: (J=compiled Java code, j=interpreted, Vv=VM code, C=native code)


Current CompileTask:
C2:  12912 2631       4       java.net.URLClassLoader$1::run (5 bytes)


---------------  P R O C E S S  ---------------

Java Threads: ( => current thread )
  0x0000000019e61800 JavaThread "Okio Watchdog" daemon [_thread_blocked, id=31904, stack(0x000000001dba0000,0x000000001dca0000)]
  0x0000000019e5c000 JavaThread "OkHttp ConnectionPool" daemon [_thread_blocked, id=34540, stack(0x000000001daa0000,0x000000001dba0000)]
  0x000000001a646000 JavaThread "Exec Stream Pumper" daemon [_thread_in_native, id=38044, stack(0x000000001d7a0000,0x000000001d8a0000)]
  0x000000001aab6000 JavaThread "Exec Stream Pumper" daemon [_thread_in_native, id=35300, stack(0x000000001d6a0000,0x000000001d7a0000)]
  0x000000001aab5800 JavaThread "UrlChecker-2" daemon [_thread_blocked, id=29680, stack(0x000000001d4a0000,0x000000001d5a0000)]
  0x000000001aae7000 JavaThread "Exec Default Executor" daemon [_thread_in_native, id=33820, stack(0x000000001d3a0000,0x000000001d4a0000)]
  0x000000001aa0e000 JavaThread "PoolService-0" [_thread_in_vm, id=38116, stack(0x000000001bed0000,0x000000001bfd0000)]
  0x0000000019e28800 JavaThread "TestNG" [_thread_blocked, id=38620, stack(0x000000001b5d0000,0x000000001b6d0000)]
  0x0000000019092000 JavaThread "Service Thread" daemon [_thread_blocked, id=9740, stack(0x0000000019bc0000,0x0000000019cc0000)]
  0x0000000018fac800 JavaThread "C1 CompilerThread2" daemon [_thread_blocked, id=23712, stack(0x0000000019ac0000,0x0000000019bc0000)]
  0x0000000018f2b000 JavaThread "C2 CompilerThread1" daemon [_thread_in_native, id=29996, stack(0x00000000199c0000,0x0000000019ac0000)]
=>0x0000000018f2a000 JavaThread "C2 CompilerThread0" daemon [_thread_in_native, id=33860, stack(0x00000000198c0000,0x00000000199c0000)]
  0x0000000018ec1800 JavaThread "Monitor Ctrl-Break" daemon [_thread_in_native, id=9700, stack(0x00000000197c0000,0x00000000198c0000)]
  0x0000000017561000 JavaThread "Attach Listener" daemon [_thread_blocked, id=2496, stack(0x0000000018ab0000,0x0000000018bb0000)]
  0x000000001755f800 JavaThread "Signal Dispatcher" daemon [_thread_blocked, id=38548, stack(0x00000000189b0000,0x0000000018ab0000)]
  0x0000000002a2b800 JavaThread "Finalizer" daemon [_thread_blocked, id=13444, stack(0x00000000187b0000,0x00000000188b0000)]
  0x000000001753a000 JavaThread "Reference Handler" daemon [_thread_blocked, id=36576, stack(0x00000000186b0000,0x00000000187b0000)]
  0x0000000002937000 JavaThread "main" [_thread_blocked, id=30672, stack(0x00000000026f0000,0x00000000027f0000)]

Other Threads:
  0x0000000017517000 VMThread [stack: 0x00000000185b0000,0x00000000186b0000] [id=29256]
  0x000000001911a800 WatcherThread [stack: 0x0000000019cc0000,0x0000000019dc0000] [id=37728]

VM state:not at safepoint (normal execution)

VM Mutex/Monitor currently owned by a thread: None

heap address: 0x0000000081e00000, size: 2018 MB, Compressed Oops mode: 32-bit
Narrow klass base: 0x0000000000000000, Narrow klass shift: 3
Compressed class space size: 1073741824 Address: 0x0000000100000000

Heap:
 PSYoungGen      total 110592K, used 55336K [0x00000000d5f80000, 0x00000000dd800000, 0x0000000100000000)
  eden space 103936K, 47% used [0x00000000d5f80000,0x00000000d8f55d30,0x00000000dc500000)
  from space 6656K, 95% used [0x00000000dd180000,0x00000000dd7b44e0,0x00000000dd800000)
  to   space 9216K, 0% used [0x00000000dc600000,0x00000000dc600000,0x00000000dcf00000)
 ParOldGen       total 56320K, used 9570K [0x0000000081e00000, 0x0000000085500000, 0x00000000d5f80000)
  object space 56320K, 16% used [0x0000000081e00000,0x0000000082758b50,0x0000000085500000)
 Metaspace       used 33693K, capacity 35020K, committed 35200K, reserved 1079296K
  class space    used 4077K, capacity 4368K, committed 4480K, reserved 1048576K

Card table byte_map: [0x0000000011df0000,0x00000000121f0000] byte_map_base: 0x00000000119e1000

Marking Bits: (ParMarkBitMap*) 0x0000000072e25ce0
 Begin Bits: [0x00000000128a0000, 0x0000000014828000)
 End Bits:   [0x0000000014828000, 0x00000000167b0000)

Polling page: 0x0000000002510000

CodeCache: size=245760Kb used=9593Kb max_used=9593Kb free=236166Kb
 bounds [0x0000000002a30000, 0x00000000033a0000, 0x0000000011a30000]
 total_blobs=3303 nmethods=2827 adapters=388
 compilation: enabled

Compilation events (10 events):
Event: 12.902 Thread 0x0000000018fac800 2849       1       org.apache.xmlbeans.impl.schema.SchemaPropertyImpl::isAttribute (5 bytes)
Event: 12.902 Thread 0x0000000018fac800 nmethod 2849 0x000000000337fed0 code [0x0000000003380020, 0x0000000003380130]
Event: 12.905 Thread 0x0000000018fac800 2850       3       org.apache.xmlbeans.impl.store.Xobj::isElem (14 bytes)
Event: 12.906 Thread 0x0000000018fac800 nmethod 2850 0x000000000337fa10 code [0x000000000337fb80, 0x000000000337fe10]
Event: 12.906 Thread 0x0000000018fac800 2851       3       javax.xml.namespace.QName::equals (59 bytes)
Event: 12.906 Thread 0x0000000018fac800 nmethod 2851 0x000000000337f110 code [0x000000000337f2a0, 0x000000000337f8d8]
Event: 12.906 Thread 0x0000000018fac800 2852       3       sun.reflect.ClassFileAssembler::emitConstantPoolNameAndType (28 bytes)
Event: 12.907 Thread 0x0000000018fac800 nmethod 2852 0x000000000337e2d0 code [0x000000000337e4c0, 0x000000000337eba8]
Event: 12.907 Thread 0x0000000018fac800 2853       3       org.apache.xmlbeans.impl.store.Xobj::isAttr (14 bytes)
Event: 12.907 Thread 0x0000000018fac800 nmethod 2853 0x000000000337dd90 code [0x000000000337df00, 0x000000000337e190]

GC Heap History (10 events):
Event: 3.767 GC heap before
{Heap before GC invocations=3 (full 0):
 PSYoungGen      total 38400K, used 38380K [0x00000000d5f80000, 0x00000000d8a00000, 0x0000000100000000)
  eden space 33280K, 100% used [0x00000000d5f80000,0x00000000d8000000,0x00000000d8000000)
  from space 5120K, 99% used [0x00000000d8500000,0x00000000d89fb378,0x00000000d8a00000)
  to   space 5120K, 0% used [0x00000000d8000000,0x00000000d8000000,0x00000000d8500000)
 ParOldGen       total 87552K, used 2205K [0x0000000081e00000, 0x0000000087380000, 0x00000000d5f80000)
  object space 87552K, 2% used [0x0000000081e00000,0x0000000082027748,0x0000000087380000)
 Metaspace       used 18181K, capacity 18710K, committed 18944K, reserved 1067008K
  class space    used 2055K, capacity 2195K, committed 2304K, reserved 1048576K
Event: 3.775 GC heap after
Heap after GC invocations=3 (full 0):
 PSYoungGen      total 38400K, used 5115K [0x00000000d5f80000, 0x00000000daa80000, 0x0000000100000000)
  eden space 33280K, 0% used [0x00000000d5f80000,0x00000000d5f80000,0x00000000d8000000)
  from space 5120K, 99% used [0x00000000d8000000,0x00000000d84fef18,0x00000000d8500000)
  to   space 5120K, 0% used [0x00000000da580000,0x00000000da580000,0x00000000daa80000)
 ParOldGen       total 87552K, used 4809K [0x0000000081e00000, 0x0000000087380000, 0x00000000d5f80000)
  object space 87552K, 5% used [0x0000000081e00000,0x00000000822b25a0,0x0000000087380000)
 Metaspace       used 18181K, capacity 18710K, committed 18944K, reserved 1067008K
  class space    used 2055K, capacity 2195K, committed 2304K, reserved 1048576K
}
Event: 4.087 GC heap before
{Heap before GC invocations=4 (full 0):
 PSYoungGen      total 38400K, used 31271K [0x00000000d5f80000, 0x00000000daa80000, 0x0000000100000000)
  eden space 33280K, 78% used [0x00000000d5f80000,0x00000000d790aea8,0x00000000d8000000)
  from space 5120K, 99% used [0x00000000d8000000,0x00000000d84fef18,0x00000000d8500000)
  to   space 5120K, 0% used [0x00000000da580000,0x00000000da580000,0x00000000daa80000)
 ParOldGen       total 87552K, used 4809K [0x0000000081e00000, 0x0000000087380000, 0x00000000d5f80000)
  object space 87552K, 5% used [0x0000000081e00000,0x00000000822b25a0,0x0000000087380000)
 Metaspace       used 20574K, capacity 21104K, committed 21296K, reserved 1069056K
  class space    used 2269K, capacity 2410K, committed 2432K, reserved 1048576K
Event: 4.097 GC heap after
Heap after GC invocations=4 (full 0):
 PSYoungGen      total 71680K, used 5119K [0x00000000d5f80000, 0x00000000daa80000, 0x0000000100000000)
  eden space 66560K, 0% used [0x00000000d5f80000,0x00000000d5f80000,0x00000000da080000)
  from space 5120K, 99% used [0x00000000da580000,0x00000000daa7fc60,0x00000000daa80000)
  to   space 5120K, 0% used [0x00000000da080000,0x00000000da080000,0x00000000da580000)
 ParOldGen       total 87552K, used 7132K [0x0000000081e00000, 0x0000000087380000, 0x00000000d5f80000)
  object space 87552K, 8% used [0x0000000081e00000,0x00000000824f7038,0x0000000087380000)
 Metaspace       used 20574K, capacity 21104K, committed 21296K, reserved 1069056K
  class space    used 2269K, capacity 2410K, committed 2432K, reserved 1048576K
}
Event: 4.097 GC heap before
{Heap before GC invocations=5 (full 1):
 PSYoungGen      total 71680K, used 5119K [0x00000000d5f80000, 0x00000000daa80000, 0x0000000100000000)
  eden space 66560K, 0% used [0x00000000d5f80000,0x00000000d5f80000,0x00000000da080000)
  from space 5120K, 99% used [0x00000000da580000,0x00000000daa7fc60,0x00000000daa80000)
  to   space 5120K, 0% used [0x00000000da080000,0x00000000da080000,0x00000000da580000)
 ParOldGen       total 87552K, used 7132K [0x0000000081e00000, 0x0000000087380000, 0x00000000d5f80000)
  object space 87552K, 8% used [0x0000000081e00000,0x00000000824f7038,0x0000000087380000)
 Metaspace       used 20574K, capacity 21104K, committed 21296K, reserved 1069056K
  class space    used 2269K, capacity 2410K, committed 2432K, reserved 1048576K
Event: 4.131 GC heap after
Heap after GC invocations=5 (full 1):
 PSYoungGen      total 71680K, used 0K [0x00000000d5f80000, 0x00000000daa80000, 0x0000000100000000)
  eden space 66560K, 0% used [0x00000000d5f80000,0x00000000d5f80000,0x00000000da080000)
  from space 5120K, 0% used [0x00000000da580000,0x00000000da580000,0x00000000daa80000)
  to   space 5120K, 0% used [0x00000000da080000,0x00000000da080000,0x00000000da580000)
 ParOldGen       total 56320K, used 7412K [0x0000000081e00000, 0x0000000085500000, 0x00000000d5f80000)
  object space 56320K, 13% used [0x0000000081e00000,0x000000008253d1b0,0x0000000085500000)
 Metaspace       used 20574K, capacity 21104K, committed 21296K, reserved 1069056K
  class space    used 2269K, capacity 2410K, committed 2432K, reserved 1048576K
}
Event: 5.685 GC heap before
{Heap before GC invocations=6 (full 1):
 PSYoungGen      total 71680K, used 66560K [0x00000000d5f80000, 0x00000000daa80000, 0x0000000100000000)
  eden space 66560K, 100% used [0x00000000d5f80000,0x00000000da080000,0x00000000da080000)
  from space 5120K, 0% used [0x00000000da580000,0x00000000da580000,0x00000000daa80000)
  to   space 5120K, 0% used [0x00000000da080000,0x00000000da080000,0x00000000da580000)
 ParOldGen       total 56320K, used 7412K [0x0000000081e00000, 0x0000000085500000, 0x00000000d5f80000)
  object space 56320K, 13% used [0x0000000081e00000,0x000000008253d1b0,0x0000000085500000)
 Metaspace       used 26395K, capacity 27300K, committed 27392K, reserved 1073152K
  class space    used 3101K, capacity 3316K, committed 3328K, reserved 1048576K
Event: 5.694 GC heap after
Heap after GC invocations=6 (full 1):
 PSYoungGen      total 71680K, used 5104K [0x00000000d5f80000, 0x00000000dda80000, 0x0000000100000000)
  eden space 66560K, 0% used [0x00000000d5f80000,0x00000000d5f80000,0x00000000da080000)
  from space 5120K, 99% used [0x00000000da080000,0x00000000da57c278,0x00000000da580000)
  to   space 9216K, 0% used [0x00000000dd180000,0x00000000dd180000,0x00000000dda80000)
 ParOldGen       total 56320K, used 9562K [0x0000000081e00000, 0x0000000085500000, 0x00000000d5f80000)
  object space 56320K, 16% used [0x0000000081e00000,0x0000000082756b50,0x0000000085500000)
 Metaspace       used 26395K, capacity 27300K, committed 27392K, reserved 1073152K
  class space    used 3101K, capacity 3316K, committed 3328K, reserved 1048576K
}
Event: 11.949 GC heap before
{Heap before GC invocations=7 (full 1):
 PSYoungGen      total 71680K, used 71664K [0x00000000d5f80000, 0x00000000dda80000, 0x0000000100000000)
  eden space 66560K, 100% used [0x00000000d5f80000,0x00000000da080000,0x00000000da080000)
  from space 5120K, 99% used [0x00000000da080000,0x00000000da57c278,0x00000000da580000)
  to   space 9216K, 0% used [0x00000000dd180000,0x00000000dd180000,0x00000000dda80000)
 ParOldGen       total 56320K, used 9562K [0x0000000081e00000, 0x0000000085500000, 0x00000000d5f80000)
  object space 56320K, 16% used [0x0000000081e00000,0x0000000082756b50,0x0000000085500000)
 Metaspace       used 29710K, capacity 31052K, committed 31360K, reserved 1077248K
  class space    used 3591K, capacity 3878K, committed 3968K, reserved 1048576K
Event: 11.966 GC heap after
Heap after GC invocations=7 (full 1):
 PSYoungGen      total 110592K, used 6353K [0x00000000d5f80000, 0x00000000dd800000, 0x0000000100000000)
  eden space 103936K, 0% used [0x00000000d5f80000,0x00000000d5f80000,0x00000000dc500000)
  from space 6656K, 95% used [0x00000000dd180000,0x00000000dd7b44e0,0x00000000dd800000)
  to   space 9216K, 0% used [0x00000000dc600000,0x00000000dc600000,0x00000000dcf00000)
 ParOldGen       total 56320K, used 9570K [0x0000000081e00000, 0x0000000085500000, 0x00000000d5f80000)
  object space 56320K, 16% used [0x0000000081e00000,0x0000000082758b50,0x0000000085500000)
 Metaspace       used 29710K, capacity 31052K, committed 31360K, reserved 1077248K
  class space    used 3591K, capacity 3878K, committed 3968K, reserved 1048576K
}

Deoptimization events (10 events):
Event: 12.577 Thread 0x000000001aa0e000 Uncommon trap: reason=bimorphic action=maybe_recompile pc=0x0000000002dd8238 method=java.io.DataInputStream.readInt()I @ 4
Event: 12.579 Thread 0x000000001aa0e000 Uncommon trap: reason=class_check action=maybe_recompile pc=0x000000000313ec88 method=java.io.DataInputStream.readUnsignedShort()I @ 4
Event: 12.579 Thread 0x000000001aa0e000 Uncommon trap: reason=class_check action=maybe_recompile pc=0x000000000313ec88 method=java.io.DataInputStream.readUnsignedShort()I @ 4
Event: 12.579 Thread 0x000000001aa0e000 Uncommon trap: reason=class_check action=maybe_recompile pc=0x000000000313ec88 method=java.io.DataInputStream.readUnsignedShort()I @ 4
Event: 12.579 Thread 0x000000001aa0e000 Uncommon trap: reason=class_check action=maybe_recompile pc=0x000000000313ec88 method=java.io.DataInputStream.readUnsignedShort()I @ 4
Event: 12.716 Thread 0x000000001aa0e000 Uncommon trap: reason=bimorphic action=maybe_recompile pc=0x0000000002dd8238 method=java.io.DataInputStream.readInt()I @ 4
Event: 12.716 Thread 0x000000001aa0e000 Uncommon trap: reason=bimorphic action=maybe_recompile pc=0x0000000002dd8238 method=java.io.DataInputStream.readInt()I @ 4
Event: 12.718 Thread 0x000000001aa0e000 Uncommon trap: reason=bimorphic action=maybe_recompile pc=0x0000000002dd8238 method=java.io.DataInputStream.readInt()I @ 4
Event: 12.776 Thread 0x000000001aa0e000 Uncommon trap: reason=unstable_if action=reinterpret pc=0x0000000002ed6108 method=java.lang.ThreadLocal$ThreadLocalMap.getEntry(Ljava/lang/ThreadLocal;)Ljava/lang/ThreadLocal$ThreadLocalMap$Entry; @ 29
Event: 12.776 Thread 0x000000001aa0e000 Uncommon trap: reason=unstable_if action=reinterpret pc=0x0000000002ed65dc method=java.lang.ThreadLocal$ThreadLocalMap.getEntry(Ljava/lang/ThreadLocal;)Ljava/lang/ThreadLocal$ThreadLocalMap$Entry; @ 29

Classes redefined (0 events):
No events

Internal exceptions (10 events):
Event: 12.538 Thread 0x000000001aa0e000 Exception <a 'java/security/PrivilegedActionException'> (0x00000000d81a1258) thrown at [C:\re\workspace\8-2-build-windows-amd64-cygwin\jdk8u202\12323\hotspot\src\share\vm\prims\jvm.cpp, line 1502]
Event: 12.538 Thread 0x000000001aa0e000 Exception <a 'java/security/PrivilegedActionException'> (0x00000000d81a1838) thrown at [C:\re\workspace\8-2-build-windows-amd64-cygwin\jdk8u202\12323\hotspot\src\share\vm\prims\jvm.cpp, line 1502]
Event: 12.539 Thread 0x000000001aa0e000 Exception <a 'java/security/PrivilegedActionException'> (0x00000000d81c02c0) thrown at [C:\re\workspace\8-2-build-windows-amd64-cygwin\jdk8u202\12323\hotspot\src\share\vm\prims\jvm.cpp, line 1502]
Event: 12.539 Thread 0x000000001aa0e000 Exception <a 'java/security/PrivilegedActionException'> (0x00000000d81c08a0) thrown at [C:\re\workspace\8-2-build-windows-amd64-cygwin\jdk8u202\12323\hotspot\src\share\vm\prims\jvm.cpp, line 1502]
Event: 12.540 Thread 0x000000001aa0e000 Exception <a 'java/security/PrivilegedActionException'> (0x00000000d81ccf48) thrown at [C:\re\workspace\8-2-build-windows-amd64-cygwin\jdk8u202\12323\hotspot\src\share\vm\prims\jvm.cpp, line 1502]
Event: 12.540 Thread 0x000000001aa0e000 Exception <a 'java/security/PrivilegedActionException'> (0x00000000d81cd528) thrown at [C:\re\workspace\8-2-build-windows-amd64-cygwin\jdk8u202\12323\hotspot\src\share\vm\prims\jvm.cpp, line 1502]
Event: 12.540 Thread 0x000000001aa0e000 Exception <a 'java/security/PrivilegedActionException'> (0x00000000d81d9a48) thrown at [C:\re\workspace\8-2-build-windows-amd64-cygwin\jdk8u202\12323\hotspot\src\share\vm\prims\jvm.cpp, line 1502]
Event: 12.540 Thread 0x000000001aa0e000 Exception <a 'java/security/PrivilegedActionException'> (0x00000000d81da028) thrown at [C:\re\workspace\8-2-build-windows-amd64-cygwin\jdk8u202\12323\hotspot\src\share\vm\prims\jvm.cpp, line 1502]
Event: 12.541 Thread 0x000000001aa0e000 Exception <a 'java/security/PrivilegedActionException'> (0x00000000d81e6b58) thrown at [C:\re\workspace\8-2-build-windows-amd64-cygwin\jdk8u202\12323\hotspot\src\share\vm\prims\jvm.cpp, line 1502]
Event: 12.541 Thread 0x000000001aa0e000 Exception <a 'java/security/PrivilegedActionException'> (0x00000000d81e7138) thrown at [C:\re\workspace\8-2-build-windows-amd64-cygwin\jdk8u202\12323\hotspot\src\share\vm\prims\jvm.cpp, line 1502]

Events (10 events):
Event: 12.899 loading class org/openxmlformats/schemas/spreadsheetml/x2006/main/CTCellXfs
Event: 12.899 loading class org/openxmlformats/schemas/spreadsheetml/x2006/main/CTCellXfs done
Event: 12.902 loading class org/openxmlformats/schemas/spreadsheetml/x2006/main/impl/CTXfImpl
Event: 12.902 loading class org/openxmlformats/schemas/spreadsheetml/x2006/main/impl/CTXfImpl done
Event: 12.903 loading class org/openxmlformats/schemas/spreadsheetml/x2006/main/CTXf
Event: 12.903 loading class org/openxmlformats/schemas/spreadsheetml/x2006/main/CTXf done
Event: 12.907 loading class org/openxmlformats/schemas/spreadsheetml/x2006/main/impl/CTCellStyleXfsImpl
Event: 12.907 loading class org/openxmlformats/schemas/spreadsheetml/x2006/main/impl/CTCellStyleXfsImpl done
Event: 12.908 loading class org/openxmlformats/schemas/spreadsheetml/x2006/main/CTCellStyleXfs
Event: 12.908 loading class org/openxmlformats/schemas/spreadsheetml/x2006/main/CTCellStyleXfs done


Dynamic libraries:
0x00007ff7c7540000 - 0x00007ff7c7577000 	C:\Program Files\Java\jdk1.8.0_202\bin\java.exe
0x00007ffe76210000 - 0x00007ffe76408000 	C:\Windows\SYSTEM32\ntdll.dll
0x00007ffe64ba0000 - 0x00007ffe64bb9000 	C:\Program Files\AVG\Antivirus\aswhook.dll
0x00007ffe75170000 - 0x00007ffe7522f000 	C:\Windows\System32\KERNEL32.DLL
0x00007ffe73920000 - 0x00007ffe73bfa000 	C:\Windows\System32\KERNELBASE.dll
0x00007ffe74fc0000 - 0x00007ffe7506e000 	C:\Windows\System32\ADVAPI32.dll
0x00007ffe75ad0000 - 0x00007ffe75b6e000 	C:\Windows\System32\msvcrt.dll
0x00007ffe76130000 - 0x00007ffe761cc000 	C:\Windows\System32\sechost.dll
0x00007ffe74660000 - 0x00007ffe74786000 	C:\Windows\System32\RPCRT4.dll
0x00007ffe74280000 - 0x00007ffe7441d000 	C:\Windows\System32\USER32.dll
0x00007ffe73c00000 - 0x00007ffe73c22000 	C:\Windows\System32\win32u.dll
0x00007ffe75f50000 - 0x00007ffe75f7b000 	C:\Windows\System32\GDI32.dll
0x00007ffe73ce0000 - 0x00007ffe73df0000 	C:\Windows\System32\gdi32full.dll
0x00007ffe740d0000 - 0x00007ffe7416d000 	C:\Windows\System32\msvcp_win.dll
0x00007ffe74170000 - 0x00007ffe74270000 	C:\Windows\System32\ucrtbase.dll
0x00007ffe63790000 - 0x00007ffe63a2a000 	C:\Windows\WinSxS\amd64_microsoft.windows.common-controls_6595b64144ccf1df_6.0.19041.1110_none_60b5254171f9507e\COMCTL32.dll
0x00007ffe75960000 - 0x00007ffe75990000 	C:\Windows\System32\IMM32.DLL
0x00000000732f0000 - 0x00000000733c2000 	C:\Program Files\Java\jdk1.8.0_202\jre\bin\msvcr100.dll
0x0000000072600000 - 0x0000000072ea5000 	C:\Program Files\Java\jdk1.8.0_202\jre\bin\server\jvm.dll
0x00007ffe74270000 - 0x00007ffe74278000 	C:\Windows\System32\PSAPI.DLL
0x00007ffe692a0000 - 0x00007ffe692a9000 	C:\Windows\SYSTEM32\WSOCK32.dll
0x00007ffe75230000 - 0x00007ffe7529b000 	C:\Windows\System32\WS2_32.dll
0x00007ffe63aa0000 - 0x00007ffe63ac7000 	C:\Windows\SYSTEM32\WINMM.dll
0x00007ffe6dd10000 - 0x00007ffe6dd1a000 	C:\Windows\SYSTEM32\VERSION.dll
0x00007ffe6d900000 - 0x00007ffe6d90f000 	C:\Program Files\Java\jdk1.8.0_202\jre\bin\verify.dll
0x00007ffe6d500000 - 0x00007ffe6d529000 	C:\Program Files\Java\jdk1.8.0_202\jre\bin\java.dll
0x00007ffe64630000 - 0x00007ffe64653000 	C:\Program Files\Java\jdk1.8.0_202\jre\bin\instrument.dll
0x00007ffe6b0d0000 - 0x00007ffe6b0e6000 	C:\Program Files\Java\jdk1.8.0_202\jre\bin\zip.dll
0x00007ffe74790000 - 0x00007ffe74ed4000 	C:\Windows\System32\SHELL32.dll
0x00007ffe719e0000 - 0x00007ffe72173000 	C:\Windows\SYSTEM32\windows.storage.dll
0x00007ffe75b70000 - 0x00007ffe75ec4000 	C:\Windows\System32\combase.dll
0x00007ffe73310000 - 0x00007ffe7333e000 	C:\Windows\SYSTEM32\Wldp.dll
0x00007ffe75a00000 - 0x00007ffe75aad000 	C:\Windows\System32\SHCORE.dll
0x00007ffe75070000 - 0x00007ffe750c5000 	C:\Windows\System32\shlwapi.dll
0x00007ffe73860000 - 0x00007ffe7387f000 	C:\Windows\SYSTEM32\profapi.dll
0x00007ffe64be0000 - 0x00007ffe64bfa000 	C:\Program Files\JetBrains\IntelliJ IDEA Community Edition 2022.2.1\bin\breakgen64.dll
0x00007ffe68610000 - 0x00007ffe6862a000 	C:\Program Files\Java\jdk1.8.0_202\jre\bin\net.dll
0x00007ffe60050000 - 0x00007ffe6023c000 	C:\Windows\SYSTEM32\urlmon.dll
0x00007ffe5fcd0000 - 0x00007ffe5ff81000 	C:\Windows\SYSTEM32\iertutil.dll
0x00007ffe660c0000 - 0x00007ffe660e8000 	C:\Windows\SYSTEM32\srvcli.dll
0x00007ffe72e50000 - 0x00007ffe72e5c000 	C:\Windows\SYSTEM32\netutils.dll
0x00007ffe73000000 - 0x00007ffe7306a000 	C:\Windows\system32\mswsock.dll
0x00007ffe62bc0000 - 0x00007ffe62be4000 	C:\Program Files\Java\jdk1.8.0_202\jre\bin\sunec.dll
0x00007ffe72cf0000 - 0x00007ffe72d2c000 	C:\Windows\SYSTEM32\IPHLPAPI.DLL
0x00007ffe750d0000 - 0x00007ffe750d8000 	C:\Windows\System32\NSI.dll
0x00007ffe6c570000 - 0x00007ffe6c587000 	C:\Windows\SYSTEM32\dhcpcsvc6.DLL
0x00007ffe6cbb0000 - 0x00007ffe6cbcd000 	C:\Windows\SYSTEM32\dhcpcsvc.DLL
0x00007ffe72d30000 - 0x00007ffe72dfb000 	C:\Windows\SYSTEM32\DNSAPI.dll
0x00007ffe65000000 - 0x00007ffe65012000 	C:\Program Files\Java\jdk1.8.0_202\jre\bin\nio.dll
0x00007ffe731f0000 - 0x00007ffe73208000 	C:\Windows\SYSTEM32\CRYPTSP.dll
0x00007ffe72920000 - 0x00007ffe72954000 	C:\Windows\system32\rsaenh.dll
0x00007ffe740a0000 - 0x00007ffe740c7000 	C:\Windows\System32\bcrypt.dll
0x00007ffe73820000 - 0x00007ffe7384e000 	C:\Windows\SYSTEM32\USERENV.dll
0x00007ffe74010000 - 0x00007ffe74092000 	C:\Windows\System32\bcryptprimitives.dll
0x00007ffe73210000 - 0x00007ffe7321c000 	C:\Windows\SYSTEM32\CRYPTBASE.dll
0x00007ffe6dc30000 - 0x00007ffe6dc3b000 	C:\Program Files\Java\jdk1.8.0_202\jre\bin\sunmscapi.dll
0x00007ffe73eb0000 - 0x00007ffe74006000 	C:\Windows\System32\CRYPT32.dll
0x00007ffe69c20000 - 0x00007ffe69c2a000 	C:\Windows\System32\rasadhlp.dll
0x00007ffe69dd0000 - 0x00007ffe69e50000 	C:\Windows\System32\fwpuclnt.dll
0x00007ffe5a730000 - 0x00007ffe5a747000 	C:\Windows\system32\napinsp.dll
0x00007ffe5a750000 - 0x00007ffe5a76b000 	C:\Windows\system32\pnrpnsp.dll
0x00007ffe6ec20000 - 0x00007ffe6ec35000 	C:\Windows\system32\wshbth.dll
0x00007ffe6d7b0000 - 0x00007ffe6d7cd000 	C:\Windows\system32\NLAapi.dll
0x00007ffe5b7c0000 - 0x00007ffe5b7d2000 	C:\Windows\System32\winrnr.dll
0x00007ffe6db70000 - 0x00007ffe6db7d000 	C:\Program Files\Java\jdk1.8.0_202\jre\bin\management.dll

VM Arguments:
jvm_args: -ea -javaagent:C:\Users\Lenovo\.m2\repository/org/aspectj/aspectjweaver/1.8.10/aspectjweaver-1.8.10.jar -Dcucumber.options=--plugin io.qameta.allure.cucumber6Jvm.AllureCucumber6Jvm -Didea.test.cyclic.buffer.size=1048576 -javaagent:C:\Program Files\JetBrains\IntelliJ IDEA Community Edition 2022.2.1\lib\idea_rt.jar=55530:C:\Program Files\JetBrains\IntelliJ IDEA Community Edition 2022.2.1\bin -Dfile.encoding=UTF-8 
java_command: com.intellij.rt.testng.RemoteTestNGStarter -usedefaultlisteners false -socket55529 @w@C:\Users\Lenovo\AppData\Local\Temp\idea_working_dirs_testng.tmp -temp C:\Users\Lenovo\AppData\Local\Temp\idea_testng.tmp
java_class_path (initial): C:\Program Files\JetBrains\IntelliJ IDEA Community Edition 2022.2.1\lib\idea_rt.jar;C:\Program Files\JetBrains\IntelliJ IDEA Community Edition 2022.2.1\plugins\testng\lib\testng-rt.jar;C:\Program Files\Java\jdk1.8.0_202\jre\lib\charsets.jar;C:\Program Files\Java\jdk1.8.0_202\jre\lib\deploy.jar;C:\Program Files\Java\jdk1.8.0_202\jre\lib\ext\access-bridge-64.jar;C:\Program Files\Java\jdk1.8.0_202\jre\lib\ext\cldrdata.jar;C:\Program Files\Java\jdk1.8.0_202\jre\lib\ext\dnsns.jar;C:\Program Files\Java\jdk1.8.0_202\jre\lib\ext\jaccess.jar;C:\Program Files\Java\jdk1.8.0_202\jre\lib\ext\jfxrt.jar;C:\Program Files\Java\jdk1.8.0_202\jre\lib\ext\localedata.jar;C:\Program Files\Java\jdk1.8.0_202\jre\lib\ext\nashorn.jar;C:\Program Files\Java\jdk1.8.0_202\jre\lib\ext\sunec.jar;C:\Program Files\Java\jdk1.8.0_202\jre\lib\ext\sunjce_provider.jar;C:\Program Files\Java\jdk1.8.0_202\jre\lib\ext\sunmscapi.jar;C:\Program Files\Java\jdk1.8.0_202\jre\lib\ext\sunpkcs11.jar;C:\Program Files\Java\jdk1.8.0_202\jre\lib\ext\zipfs.jar;C:\Program Files\Java\jdk1.8.0_202\jre\lib\javaws.jar;C:\Program Files\Java\jdk1.8.0_202\jre\lib\jce.jar;C:\Program Files\Java\jdk1.8.0_202\jre\lib\jfr.jar;C:\Program Files\Java\jdk1.8.0_202\jre\lib\jfxswt.jar;C:\Program Files\Java\jdk1.8.0_202\jre\lib\jsse.jar;C:\Program Files\Java\jdk1.8.0_202\jre\lib\management-agent.jar;C:\Program Files\Java\jdk1.8.0_202\jre\lib\plugin.jar;C:\Program Files\Java\jdk1.8.0_202\jre\lib\resources.jar;C:\Program Files\Java\jdk1.8.0_202\jre\lib\rt.jar;C:\Users\Lenovo\Desktop\QAprojekti\Automation_projekti\bcgroup\target\test-classes;C:\Users\Lenovo\Desktop\QAprojekti\Automation_projekti\bcgroup\target\classes;C:\Users\Lenovo\.m2\repository\org\seleniumhq\selenium\selenium-java\3.141.59\selenium-java-3.141.59.jar;C:\Users\Lenovo\.m2\repository\org\seleniumhq\selenium\selenium-api\3.141.59\selenium-api-3.141.59.jar;C:\Users\Lenovo\.m2\repository\org\seleniumhq\selenium\selenium-chrome-driver\3.141.59\selenium
Launcher Type: SUN_STANDARD

Environment Variables:
JAVA_HOME=C:\Program Files\Java\jdk-17
PATH=C:\Program Files (x86)\Common Files\Oracle\Java\javapath;C:\Program Files\Common Files\Oracle\Java\javapath;C:\Windows\system32;C:\Windows;C:\Windows\System32\Wbem;C:\Windows\System32\WindowsPowerShell\v1.0\;C:\Windows\System32\OpenSSH\;C:\Program Files\Git\cmd;c:\Program Files (x86)\Intel\Intel(R) Management Engine Components\DAL;c:\Program Files\Intel\Intel(R) Management Engine Components\DAL;C:\Users\Lenovo\AppData\Local\Microsoft\WindowsApps;C:\Program Files\JetBrains\IntelliJ IDEA Community Edition 2022.2.1\bin;;C:\Users\Lenovo\Desktop\QAprojekti\apache-maven-3.8.6\bin;C:\Users\Lenovo\Desktop\QAprojekti\allure-2.13.8\bin;
USERNAME=Lenovo
OS=Windows_NT
PROCESSOR_IDENTIFIER=Intel64 Family 6 Model 78 Stepping 3, GenuineIntel



---------------  S Y S T E M  ---------------

OS: Windows 10.0 , 64 bit Build 19041 (10.0.19041.2788)

CPU:total 4 (initial active 4) (2 cores per cpu, 2 threads per core) family 6 model 78 stepping 3, cmov, cx8, fxsr, mmx, sse, sse2, sse3, ssse3, sse4.1, sse4.2, popcnt, avx, avx2, aes, clmul, erms, rtm, 3dnowpref, lzcnt, ht, tsc, tscinvbit, bmi1, bmi2, adx

Memory: 4k page, physical 8265504k(455024k free), swap 21069852k(220k free)

vm_info: Java HotSpot(TM) 64-Bit Server VM (25.202-b08) for windows-amd64 JRE (1.8.0_202-b08), built on Dec 15 2018 19:54:30 by "java_re" with MS VC++ 10.0 (VS2010)

time: Sat Jun 03 22:04:52 2023
timezone: Central Europe Daylight Time
elapsed time: 12 seconds (0d 0h 0m 12s)

